<?xml version="1.0" encoding="UTF-8"?>
<!-- Generated by org.testng.reporters.JUnitReportReporter -->
<testsuite hostname="LAPTOP-94V3K8RC" failures="0" tests="4" name="testCases.TC2_ListFlights" time="19.158" errors="0" timestamp="2021-06-18T08:31:56 IST" skipped="0">
  <testcase classname="testCases.TC2_ListFlights" name="userVerifyFlightsListed" time="11.471"/>
  <system-out/>
  <testcase classname="testCases.TC2_ListFlights" name="userSelectTravelType" time="0.118"/>
  <system-out/>
  <testcase classname="testCases.TC2_ListFlights" name="userClickSearch" time="4.682"/>
  <system-out/>
  <testcase classname="testCases.TC2_ListFlights" name="userEntersTraveDetails" time="2.887"/>
  <system-out/>
</testsuite> <!-- testCases.TC2_ListFlights -->
